 Image profitlens-analytics-service Building 
 Image profitlens-auth-service Building 
 Image profitlens-gateway Building 
 Image profitlens-billing-service Building 
 Image profitlens-project-service Building 
 Image profitlens-gateway Built 
 Image profitlens-billing-service Built 
 Image profitlens-analytics-service Built 
 Image profitlens-auth-service Built 
 Image profitlens-project-service Built 
 Network profitlens_default Creating 
 Network profitlens_default Created 
 Container profitlens-zookeeper Creating 
 Container profitlens-postgres Creating 
 Container profitlens-redis Creating 
 Container profitlens-zookeeper Created 
 Container profitlens-kafka Creating 
 Container profitlens-redis Created 
 Container profitlens-postgres Created 
 Container profitlens-migrate-auth Creating 
 Container profitlens-kafka Created 
 Container profitlens-migrate-auth Created 
 Container profitlens-migrate-project Creating 
 Container profitlens-auth-service Creating 
 Container profitlens-migrate-project Created 
 Container profitlens-project-service Creating 
 Container profitlens-migrate-billing Creating 
 Container profitlens-auth-service Created 
 Container profitlens-migrate-billing Created 
 Container profitlens-billing-service Creating 
 Container profitlens-migrate-analytics Creating 
 Container profitlens-project-service Created 
 Container profitlens-migrate-analytics Created 
 Container profitlens-analytics-service Creating 
 Container profitlens-billing-service Created 
 Container profitlens-analytics-service Created 
 Container profitlens-gateway Creating 
 Container profitlens-gateway Created 
 Container profitlens-prometheus Creating 
 Container profitlens-prometheus Created 
 Container profitlens-grafana Creating 
 Container profitlens-grafana Created 
 Container profitlens-zookeeper Starting 
 Container profitlens-redis Starting 
 Container profitlens-postgres Starting 
 Container profitlens-redis Started 
 Container profitlens-zookeeper Started 
 Container profitlens-kafka Starting 
 Container profitlens-postgres Started 
 Container profitlens-postgres Waiting 
 Container profitlens-kafka Started 
profitlens-postgres   | initdb: warning: enabling "trust" authentication for local connections
profitlens-postgres   | initdb: hint: You can change this by editing pg_hba.conf or using the option -A, or --auth-local and --auth-host, the next time you run initdb.
profitlens-postgres   | 2026-04-28 08:38:11.767 UTC [1] LOG:  starting PostgreSQL 16.13 (Debian 16.13-1.pgdg13+1) on x86_64-pc-linux-gnu, compiled by gcc (Debian 14.2.0-19) 14.2.0, 64-bit
profitlens-postgres   | 2026-04-28 08:38:11.767 UTC [1] LOG:  listening on IPv4 address "0.0.0.0", port 5432
profitlens-postgres   | 2026-04-28 08:38:11.767 UTC [1] LOG:  listening on IPv6 address "::", port 5432
profitlens-postgres   | 2026-04-28 08:38:11.773 UTC [1] LOG:  listening on Unix socket "/var/run/postgresql/.s.PGSQL.5432"
profitlens-postgres   | 2026-04-28 08:38:11.781 UTC [64] LOG:  database system was shut down at 2026-04-28 08:38:11 UTC
profitlens-postgres   | 2026-04-28 08:38:11.789 UTC [1] LOG:  database system is ready to accept connections
 Container profitlens-postgres Healthy 
 Container profitlens-migrate-auth Starting 
 Container profitlens-migrate-auth Started 
 Container profitlens-migrate-auth Waiting 
 Container profitlens-migrate-auth Waiting 
 Container profitlens-redis Waiting 
profitlens-migrate-auth  | 1/u init (168.714591ms)
 Container profitlens-migrate-auth Exited 
 Container profitlens-migrate-auth Exited 
 Container profitlens-redis Healthy 
 Container profitlens-migrate-project Starting 
 Container profitlens-auth-service Starting 
 Container profitlens-auth-service Started 
 Container profitlens-migrate-project Started 
 Container profitlens-redis Waiting 
 Container profitlens-migrate-project Waiting 
 Container profitlens-kafka Waiting 
 Container profitlens-migrate-project Waiting 
profitlens-migrate-project  | no change
 Container profitlens-redis Healthy 
 Container profitlens-migrate-project Exited 
 Container profitlens-migrate-billing Starting 
 Container profitlens-migrate-project Exited 
 Container profitlens-migrate-billing Started 
 Container profitlens-migrate-billing Waiting 
 Container profitlens-migrate-billing Waiting 
 Container profitlens-redis Waiting 
 Container profitlens-kafka Waiting 
profitlens-migrate-billing  | no change
 Container profitlens-migrate-billing Exited 
 Container profitlens-migrate-billing Exited 
 Container profitlens-migrate-analytics Starting 
 Container profitlens-redis Healthy 
 Container profitlens-kafka Healthy 
 Container profitlens-billing-service Starting 
 Container profitlens-kafka Healthy 
 Container profitlens-project-service Starting 
 Container profitlens-migrate-analytics Started 
 Container profitlens-kafka Waiting 
 Container profitlens-migrate-analytics Waiting 
 Container profitlens-redis Waiting 
profitlens-migrate-analytics  | no change
 Container profitlens-billing-service Started 
 Container profitlens-project-service Started 
 Container profitlens-migrate-analytics Exited 
 Container profitlens-redis Healthy 
 Container profitlens-kafka Healthy 
 Container profitlens-analytics-service Starting 
 Container profitlens-analytics-service Started 
 Container profitlens-gateway Starting 
 Container profitlens-gateway Started 
 Container profitlens-prometheus Starting 
profitlens-prometheus         | ts=2026-04-28T08:38:25.277Z caller=main.go:573 level=info msg="No time or size retention was set so using the default time retention" duration=15d
profitlens-prometheus         | ts=2026-04-28T08:38:25.277Z caller=main.go:617 level=info msg="Starting Prometheus Server" mode=server version="(version=2.52.0, branch=HEAD, revision=879d80922a227c37df502e7315fad8ceb10a986d)"
profitlens-prometheus         | ts=2026-04-28T08:38:25.277Z caller=main.go:622 level=info build_context="(go=go1.22.3, platform=linux/amd64, user=root@1b4f4c206e41, date=20240508-21:56:43, tags=netgo,builtinassets,stringlabels)"
profitlens-prometheus         | ts=2026-04-28T08:38:25.277Z caller=main.go:623 level=info host_details="(Linux 6.6.87.2-microsoft-standard-WSL2 #1 SMP PREEMPT_DYNAMIC Thu Jun  5 18:30:46 UTC 2025 x86_64 4a710cc39f93 localdomain)"
profitlens-prometheus         | ts=2026-04-28T08:38:25.277Z caller=main.go:624 level=info fd_limits="(soft=1048576, hard=1048576)"
profitlens-prometheus         | ts=2026-04-28T08:38:25.278Z caller=main.go:625 level=info vm_limits="(soft=unlimited, hard=unlimited)"
profitlens-prometheus         | ts=2026-04-28T08:38:25.280Z caller=web.go:568 level=info component=web msg="Start listening for connections" address=0.0.0.0:9090
profitlens-prometheus         | ts=2026-04-28T08:38:25.281Z caller=main.go:1129 level=info msg="Starting TSDB ..."
profitlens-prometheus         | ts=2026-04-28T08:38:25.283Z caller=tls_config.go:313 level=info component=web msg="Listening on" address=[::]:9090
profitlens-prometheus         | ts=2026-04-28T08:38:25.283Z caller=tls_config.go:316 level=info component=web msg="TLS is disabled." http2=false address=[::]:9090
profitlens-prometheus         | ts=2026-04-28T08:38:25.286Z caller=head.go:616 level=info component=tsdb msg="Replaying on-disk memory mappable chunks if any"
profitlens-prometheus         | ts=2026-04-28T08:38:25.286Z caller=head.go:703 level=info component=tsdb msg="On-disk memory mappable chunks replay completed" duration=1.787µs
profitlens-prometheus         | ts=2026-04-28T08:38:25.286Z caller=head.go:711 level=info component=tsdb msg="Replaying WAL, this may take a while"
profitlens-prometheus         | ts=2026-04-28T08:38:25.286Z caller=head.go:783 level=info component=tsdb msg="WAL segment loaded" segment=0 maxSegment=0
profitlens-prometheus         | ts=2026-04-28T08:38:25.286Z caller=head.go:820 level=info component=tsdb msg="WAL replay completed" checkpoint_replay_duration=21.258µs wal_replay_duration=447.95µs wbl_replay_duration=154ns chunk_snapshot_load_duration=0s mmap_chunk_replay_duration=1.787µs total_replay_duration=486.766µs
profitlens-prometheus         | ts=2026-04-28T08:38:25.289Z caller=main.go:1150 level=info fs_type=EXT4_SUPER_MAGIC
profitlens-prometheus         | ts=2026-04-28T08:38:25.289Z caller=main.go:1153 level=info msg="TSDB started"
profitlens-prometheus         | ts=2026-04-28T08:38:25.289Z caller=main.go:1335 level=info msg="Loading configuration file" filename=/etc/prometheus/prometheus.yml
profitlens-prometheus         | ts=2026-04-28T08:38:25.312Z caller=main.go:1372 level=info msg="Completed loading of configuration file" filename=/etc/prometheus/prometheus.yml totalDuration=23.375698ms db_storage=5.755µs remote_storage=2.833µs web_handler=1.433µs query_engine=2.868µs scrape=1.341024ms scrape_sd=83.447µs notify=1.065µs notify_sd=620ns rules=2.06µs tracing=4.954µs
profitlens-prometheus         | ts=2026-04-28T08:38:25.312Z caller=main.go:1114 level=info msg="Server is ready to receive web requests."
profitlens-prometheus         | ts=2026-04-28T08:38:25.312Z caller=manager.go:163 level=info component="rule manager" msg="Starting rule manager..."
 Container profitlens-prometheus Started 
 Container profitlens-grafana Starting 
 Container profitlens-grafana Started 
profitlens-postgres           | 2026-04-28 08:41:07.014 UTC [1] LOG:  received fast shutdown request
profitlens-postgres           | 2026-04-28 08:41:07.017 UTC [1] LOG:  aborting any active transactions
profitlens-postgres           | 2026-04-28 08:41:07.022 UTC [1] LOG:  background worker "logical replication launcher" (PID 67) exited with exit code 1
profitlens-postgres           | 2026-04-28 08:41:07.024 UTC [62] LOG:  shutting down
profitlens-postgres           | 2026-04-28 08:41:07.030 UTC [62] LOG:  checkpoint starting: shutdown immediate
profitlens-postgres           | 2026-04-28 08:41:07.138 UTC [62] LOG:  checkpoint complete: wrote 154 buffers (0.9%); 0 WAL file(s) added, 0 removed, 0 recycled; write=0.015 s, sync=0.072 s, total=0.115 s; sync files=83, longest=0.021 s, average=0.001 s; distance=733 kB, estimate=733 kB; lsn=0/19D6758, redo lsn=0/19D6758
profitlens-postgres           | 2026-04-28 08:41:07.144 UTC [1] LOG:  database system is shut down
profitlens-billing-service                     | {"level":"error","ts":1777366018.063162,"caller":"cmd/main.go:281","msg":"request failed","request_id":"a77bacc1-ba7e-4c96-9c45-917104f0fd35","user_id":"65f32e52-7f7f-4f54-8c9c-627509ad5da9","service_name":"billing-service","error":"ERROR: inconsistent types deduced for parameter $1 (SQLSTATE 42P08)","stacktrace":"main.(*state).errorHandler\n\t/app/cmd/main.go:281\ngithub.com/gofiber/fiber/v2.(*App).ErrorHandler\n\t/go/pkg/mod/github.com/gofiber/fiber/v2@v2.52.5/app.go:1063\ngithub.com/gofiber/fiber/v2.(*App).handler\n\t/go/pkg/mod/github.com/gofiber/fiber/v2@v2.52.5/router.go:174\ngithub.com/valyala/fasthttp.(*Server).serveConn\n\t/go/pkg/mod/github.com/valyala/fasthttp@v1.51.0/server.go:2359\ngithub.com/valyala/fasthttp.(*workerPool).workerFunc\n\t/go/pkg/mod/github.com/valyala/fasthttp@v1.51.0/workerpool.go:224\ngithub.com/valyala/fasthttp.(*workerPool).getCh.func1\n\t/go/pkg/mod/github.com/valyala/fasthttp@v1.51.0/workerpool.go:196"}
profitlens-prometheus                          | ts=2026-04-28T11:38:34.364Z caller=compact.go:576 level=info component=tsdb msg="write block" mint=1777365511486 maxt=1777370400000 ulid=01KQ9Y4GXSN8CWMA9D8W6T98ZS duration=66.864115ms ooo=false
profitlens-prometheus                          | ts=2026-04-28T11:38:34.368Z caller=head.go:1345 level=info component=tsdb msg="Head GC completed" caller=truncateMemory duration=2.14806ms
profitlens-prometheus                          | ts=2026-04-28T13:00:03.663Z caller=compact.go:576 level=info component=tsdb msg="write block" mint=1777370401811 maxt=1777377600000 ulid=01KQA2SQM5HDRF30BQ5MHNC825 duration=74.194166ms ooo=false
profitlens-prometheus                          | ts=2026-04-28T13:00:03.669Z caller=head.go:1345 level=info component=tsdb msg="Head GC completed" caller=truncateMemory duration=3.70796ms
profitlens-prometheus                          | ts=2026-04-28T15:00:00.924Z caller=compact.go:576 level=info component=tsdb msg="write block" mint=1777377600702 maxt=1777384800000 ulid=01KQA9NC6YC79SGB5H1K257P2N duration=61.578471ms ooo=false
profitlens-prometheus                          | ts=2026-04-28T15:00:00.925Z caller=head.go:1345 level=info component=tsdb msg="Head GC completed" caller=truncateMemory duration=1.224541ms
profitlens-prometheus                          | ts=2026-04-28T17:00:04.950Z caller=compact.go:576 level=info component=tsdb msg="write block" mint=1777384800857 maxt=1777392000000 ulid=01KQAGH7CTK7B74CJYGXGY1425 duration=60.433852ms ooo=false
profitlens-prometheus                          | ts=2026-04-28T17:00:04.953Z caller=head.go:1345 level=info component=tsdb msg="Head GC completed" caller=truncateMemory duration=1.777009ms
profitlens-prometheus                          | ts=2026-04-28T17:00:04.954Z caller=checkpoint.go:101 level=info component=tsdb msg="Creating checkpoint" from_segment=0 to_segment=1 mint=1777392000000
profitlens-prometheus                          | ts=2026-04-28T17:00:04.987Z caller=head.go:1307 level=info component=tsdb msg="WAL checkpoint complete" first=0 last=1 duration=33.613279ms
profitlens-prometheus                          | ts=2026-04-28T17:00:05.032Z caller=compact.go:514 level=info component=tsdb msg="compact blocks" count=2 mint=1777365511486 maxt=1777377600000 ulid=01KQAGH7FVTK5S5ZR8NCTCKP2R sources="[01KQ9Y4GXSN8CWMA9D8W6T98ZS 01KQA2SQM5HDRF30BQ5MHNC825]" duration=44.341301ms
profitlens-prometheus                          | ts=2026-04-28T17:00:05.035Z caller=db.go:1680 level=info component=tsdb msg="Deleting obsolete block" block=01KQ9Y4GXSN8CWMA9D8W6T98ZS
profitlens-prometheus                          | ts=2026-04-28T17:00:05.037Z caller=db.go:1680 level=info component=tsdb msg="Deleting obsolete block" block=01KQA2SQM5HDRF30BQ5MHNC825
unexpected EOF
unexpected EOF
unexpected EOF
unexpected EOF
unexpected EOF
context canceled
context canceled
